-------------------------------------------------------------------------------
Test set: Account types
-------------------------------------------------------------------------------
Tests run: 2, Failures: 1, Errors: 0, Skipped: 0, Time elapsed: 45.198 s <<< FAILURE! - in Account types
Sales Manager user(Account types)  Time elapsed: 22.333 s  <<< FAILURE!
java.lang.AssertionError: Actual Title: All - Accounts - Customers

